<?xml version="1.0" encoding="UTF-8"?>
<!-- Generated by org.testng.reporters.JUnitReportReporter -->
<testsuite hostname="DESKTOP-IE0KQU5" failures="0" tests="1" name="variousConcepts.LoginTest" time="4.357" errors="0" timestamp="2022-11-21T22:16:15 EST" skipped="0">
  <testcase classname="variousConcepts.LoginTest" name="addCustomerTest" time="4.357"/>
  <system-out/>
</testsuite> <!-- variousConcepts.LoginTest -->
